<?xml version="1.0" encoding="UTF-8"?>
<!-- Generated by org.testng.reporters.JUnitXMLReporter -->
<testsuite ignored="0" hostname="INLT-DDGVP9C3" failures="1" tests="1" name="Test" time="15.413" errors="0" timestamp="2022-04-12T20:27:30 IST">
  <testcase classname="io.cucumber.testng.AbstractTestNGCucumberTests" name="runScenario" time="11.392">
    <failure type="java.lang.AssertionError" message="Failing the step">
      <![CDATA[java.lang.AssertionError: Failing the step
at steps.SearchCarsSteps.i_move_to_Car_For_Sale_Menu(SearchCarsSteps.java:33)
at âœ½.I move to Car For Sale Menu(file://SVRAU570BSM00.OCEANIA.CORP.ANZ.COM/reddym7$/Downloads/Cucumber_framework/Cucumber_framework/src/test/resources/FeatureFiles/SearchCars.feature:10)
... Removed 1 stack frames]]>
    </failure>
  </testcase> <!-- runScenario -->
</testsuite> <!-- Test -->
