<?xml version="1.0" encoding="UTF-8"?>
<testng-results ignored="0" total="1" passed="0" failed="1" skipped="0">
  <reporter-output>
  </reporter-output>
  <suite started-at="2022-04-12T20:27:14 IST" name="Suite" finished-at="2022-04-12T20:27:30 IST" duration-ms="15413">
    <groups>
      <group name="cucumber">
        <method signature="AbstractTestNGCucumberTests.runScenario(io.cucumber.testng.PickleWrapper,io.cucumber.testng.FeatureWrapper)[pri:0, instance:runners.PositiveTest@741a8937]" name="runScenario" class="io.cucumber.testng.AbstractTestNGCucumberTests"/>
      </group> <!-- cucumber -->
    </groups>
    <test started-at="2022-04-12T20:27:14 IST" name="Test" finished-at="2022-04-12T20:27:30 IST" duration-ms="15413">
      <class name="runners.PositiveTest">
        <test-method is-config="true" signature="setUpClass()[pri:0, instance:runners.PositiveTest@741a8937]" started-at="2022-04-12T20:27:14 IST" name="setUpClass" finished-at="2022-04-12T20:27:17 IST" duration-ms="2314" status="PASS">
          <reporter-output>
          </reporter-output>
        </test-method> <!-- setUpClass -->
        <test-method signature="runScenario(io.cucumber.testng.PickleWrapper,io.cucumber.testng.FeatureWrapper)[pri:0, instance:runners.PositiveTest@741a8937]" started-at="2022-04-12T20:27:17 IST" name="runScenario" description="Runs Cucumber Scenarios" data-provider="scenarios" finished-at="2022-04-12T20:27:28 IST" duration-ms="11392" status="FAIL">
          <params>
            <param index="0">
              <value>
                <![CDATA["Validate Search Cars Page"]]>
              </value>
            </param>
            <param index="1">
              <value>
                <![CDATA["Optional[Acceptance testing to validate Search Cars Page is working.]"]]>
              </value>
            </param>
          </params>
          <exception class="java.lang.AssertionError">
            <message>
              <![CDATA[Failing the step]]>
            </message>
            <full-stacktrace>
              <![CDATA[java.lang.AssertionError: Failing the step
at org.testng.Assert.fail(Assert.java:99)
at steps.SearchCarsSteps.i_move_to_Car_For_Sale_Menu(SearchCarsSteps.java:33)
at âœ½.I move to Car For Sale Menu(file://SVRAU570BSM00.OCEANIA.CORP.ANZ.COM/reddym7$/Downloads/Cucumber_framework/Cucumber_framework/src/test/resources/FeatureFiles/SearchCars.feature:10)
]]>
            </full-stacktrace>
          </exception> <!-- java.lang.AssertionError -->
          <reporter-output>
          </reporter-output>
        </test-method> <!-- runScenario -->
        <test-method is-config="true" signature="tearDownClass()[pri:0, instance:runners.PositiveTest@741a8937]" started-at="2022-04-12T20:27:28 IST" name="tearDownClass" finished-at="2022-04-12T20:27:30 IST" duration-ms="1587" status="PASS">
          <reporter-output>
          </reporter-output>
        </test-method> <!-- tearDownClass -->
      </class> <!-- runners.PositiveTest -->
    </test> <!-- Test -->
  </suite> <!-- Suite -->
</testng-results>
