<?xml version="1.0" encoding="UTF-8"?>
<!-- Generated by org.testng.reporters.JUnitReportReporter -->
<testsuite hostname="INLT-DDGVP9C3" failures="1" tests="1" name="runners.PositiveTest" time="11.392" errors="0" timestamp="2022-04-12T20:27:31 IST" skipped="0">
  <testcase classname="runners.PositiveTest" name="runScenario" time="11.392">
    <failure message="Failing the step" type="java.lang.AssertionError">
      <![CDATA[java.lang.AssertionError: Failing the step
at org.testng.Assert.fail(Assert.java:99)
at steps.SearchCarsSteps.i_move_to_Car_For_Sale_Menu(SearchCarsSteps.java:33)
at âœ½.I move to Car For Sale Menu(file://SVRAU570BSM00.OCEANIA.CORP.ANZ.COM/reddym7$/Downloads/Cucumber_framework/Cucumber_framework/src/test/resources/FeatureFiles/SearchCars.feature:10)
]]>
    </failure>
  </testcase> <!-- runScenario -->
  <system-out/>
</testsuite> <!-- runners.PositiveTest -->
